<?xml version="1.0" encoding="UTF-8"?>
<!-- Generated by org.testng.reporters.JUnitReportReporter -->
<testsuite hostname="LAXMI-PC" name="test.acc" tests="1" failures="0" timestamp="31 May 2020 07:11:05 GMT" time="17.871" errors="0">
  <testcase name="ready" time="17.871" classname="test.acc"/>
</testsuite> <!-- test.acc -->
